<?xml version="1.0" encoding="UTF-8"?>
<!-- Generated by org.testng.reporters.JUnitReportReporter -->
<testsuite name="com.segun.auto.testsuites.CreateAnEntry" tests="4" time="8.785" ignored="0" failures="0" timestamp="14 Feb 2017 07:05:09 GMT" skipped="0" hostname="Segun-HP" errors="0">
  <testcase name="confirmCreatedEntryPresent" time="5.111" classname="com.segun.auto.testsuites.CreateAnEntry"/>
  <testcase name="loggingOutOfHotelManagement" time="0.409" classname="com.segun.auto.testsuites.CreateAnEntry"/>
  <testcase name="createAnEntry" time="1.859" classname="com.segun.auto.testsuites.CreateAnEntry"/>
  <testcase name="loginToHotelManagement" time="1.406" classname="com.segun.auto.testsuites.CreateAnEntry"/>
</testsuite> <!-- com.segun.auto.testsuites.CreateAnEntry -->
