<?xml version="1.0" encoding="UTF-8"?>
<!-- Generated by org.testng.reporters.JUnitReportReporter -->
<testsuite name="com.segun.auto.testsuites.CreateMultipleEntries" tests="3" time="27.188" ignored="0" failures="0" timestamp="14 Feb 2017 07:05:09 GMT" skipped="0" hostname="Segun-HP" errors="0">
  <testcase name="loginToHotelManagement" time="1.229" classname="com.segun.auto.testsuites.CreateMultipleEntries"/>
  <testcase name="createMultipleEntry" time="25.438" classname="com.segun.auto.testsuites.CreateMultipleEntries"/>
  <testcase name="loggingOutOfHotelManagement" time="0.521" classname="com.segun.auto.testsuites.CreateMultipleEntries"/>
</testsuite> <!-- com.segun.auto.testsuites.CreateMultipleEntries -->
